2018/02/05 12:19:52 db_populator.go:106: Error 1146: Table 'academy.user' doesn't exist
2018/02/05 12:19:52 db_populator.go:99: Panic Caught in getUserAgent : runtime error: invalid memory address or nil pointer dereference 
2018/02/05 12:19:52 db_populator.go:47: Panic Caught in CreateNewUser : Panic Caught in getUserAgent : runtime error: invalid memory address or nil pointer dereference 
 
2018/02/05 12:24:30 db_populator.go:106: Error 1146: Table 'academy.user' doesn't exist
2018/02/05 12:24:30 db_populator.go:99: Panic Caught in getUserAgent : runtime error: invalid memory address or nil pointer dereference 
2018/02/05 12:24:30 db_populator.go:47: Panic Caught in CreateNewUser : Panic Caught in getUserAgent : runtime error: invalid memory address or nil pointer dereference 
 
2018/02/05 12:24:36 db_populator.go:106: Error 1146: Table 'academy.user' doesn't exist
2018/02/05 12:24:36 db_populator.go:109: rows is nil
2018/02/05 12:24:36 db_populator.go:99: Panic Caught in getUserAgent : rows is nil
 
2018/02/05 12:24:36 db_populator.go:47: Panic Caught in CreateNewUser : Panic Caught in getUserAgent : rows is nil
 
 
2018/02/05 12:25:18 db_populator.go:68: Error in CreateNewUser: 
2018/02/05 12:25:18 db_populator.go:69: Error 1062: Duplicate entry 'E80Z69IW-9H14-YOZT-9JEF-HKR2AXCYSNCZ' for key 'user_device_id_UNIQUE'
2018/02/05 12:25:18 db_populator.go:47: Panic Caught in CreateNewUser : runtime error: invalid memory address or nil pointer dereference 
2018/02/05 12:26:49 db_populator.go:68: Error in CreateNewUser: 
2018/02/05 12:26:49 db_populator.go:69: Error 1062: Duplicate entry 'E80Z69IW-9H14-YOZT-9JEF-HKR2AXCYSNCZ' for key 'user_device_id_UNIQUE'
2018/02/05 12:26:49 db_populator.go:47: Panic Caught in CreateNewUser : Error 1062: Duplicate entry 'E80Z69IW-9H14-YOZT-9JEF-HKR2AXCYSNCZ' for key 'user_device_id_UNIQUE'
 
2018/02/05 12:27:32 db_populator.go:68: Error in CreateNewUser: 
2018/02/05 12:27:32 db_populator.go:69: Error 1062: Duplicate entry 'e80z69iw-9h14-yozt-9jef-hkr2axcysncz' for key 'user_device_id_UNIQUE'
2018/02/05 12:27:32 db_populator.go:47: Panic Caught in CreateNewUser : Error 1062: Duplicate entry 'e80z69iw-9h14-yozt-9jef-hkr2axcysncz' for key 'user_device_id_UNIQUE'
 
2018/02/05 12:28:14 db_populator.go:82: User Created : 
2018/02/05 12:28:15 db_populator.go:82: User Created : 
2018/02/05 12:28:17 db_populator.go:82: User Created : 
2018/02/05 12:28:19 db_populator.go:82: User Created : 
2018/02/05 12:28:20 db_populator.go:82: User Created : 
2018/02/05 12:28:22 db_populator.go:82: User Created : 
2018/02/05 12:28:24 db_populator.go:82: User Created : 
2018/02/05 12:28:25 db_populator.go:82: User Created : 
2018/02/05 12:28:27 db_populator.go:82: User Created : 
2018/02/05 12:28:29 db_populator.go:82: User Created : 
2018/02/05 12:28:31 db_populator.go:82: User Created : 
2018/02/05 12:28:32 db_populator.go:82: User Created : 
2018/02/05 12:28:34 db_populator.go:82: User Created : 
2018/02/05 12:28:36 db_populator.go:82: User Created : 
2018/02/05 12:28:37 db_populator.go:82: User Created : 
2018/02/05 12:28:39 db_populator.go:82: User Created : 
2018/02/05 12:28:41 db_populator.go:82: User Created : 
2018/02/05 12:28:42 db_populator.go:82: User Created : 
2018/02/05 12:28:44 db_populator.go:82: User Created : 
2018/02/05 12:28:45 db_populator.go:82: User Created : 
2018/02/05 12:28:47 db_populator.go:82: User Created : 
2018/02/05 12:28:49 db_populator.go:82: User Created : 
2018/02/05 12:28:50 db_populator.go:82: User Created : 
2018/02/05 12:28:52 db_populator.go:82: User Created : 
2018/02/05 12:28:54 db_populator.go:82: User Created : 
2018/02/05 12:28:55 db_populator.go:82: User Created : 
2018/02/05 12:28:57 db_populator.go:82: User Created : 
2018/02/05 12:28:59 db_populator.go:82: User Created : 
2018/02/05 12:29:00 db_populator.go:82: User Created : 
2018/02/05 12:29:02 db_populator.go:82: User Created : 
2018/02/05 12:29:04 db_populator.go:82: User Created : 
2018/02/05 12:29:05 db_populator.go:82: User Created : 
2018/02/05 12:29:07 db_populator.go:82: User Created : 
2018/02/05 12:29:09 db_populator.go:82: User Created : 
2018/02/05 12:29:10 db_populator.go:82: User Created : 
2018/02/05 12:29:12 db_populator.go:82: User Created : 
2018/02/05 12:29:14 db_populator.go:82: User Created : 
2018/02/05 12:29:15 db_populator.go:82: User Created : 
2018/02/05 12:29:17 db_populator.go:82: User Created : 
2018/02/05 12:29:19 db_populator.go:82: User Created : 
2018/02/05 12:29:20 db_populator.go:82: User Created : 
2018/02/05 12:29:22 db_populator.go:82: User Created : 
2018/02/05 12:29:24 db_populator.go:82: User Created : 
2018/02/05 12:29:25 db_populator.go:82: User Created : 
2018/02/05 12:29:27 db_populator.go:82: User Created : 
2018/02/05 12:29:29 db_populator.go:82: User Created : 
2018/02/05 12:29:31 db_populator.go:82: User Created : 
2018/02/05 12:29:32 db_populator.go:82: User Created : 
2018/02/05 12:29:34 db_populator.go:82: User Created : 
2018/02/05 12:29:36 db_populator.go:82: User Created : 
2018/02/05 12:29:38 db_populator.go:82: User Created : 
2018/02/05 12:29:39 db_populator.go:82: User Created : 
2018/02/05 12:29:41 db_populator.go:82: User Created : 
2018/02/05 12:29:43 db_populator.go:82: User Created : 
2018/02/05 12:29:44 db_populator.go:82: User Created : 
2018/02/05 12:29:46 db_populator.go:82: User Created : 
2018/02/05 12:29:48 db_populator.go:82: User Created : 
2018/02/05 12:29:49 db_populator.go:82: User Created : 
2018/02/05 12:30:58 db_populator.go:82: User Created : 
2018/02/05 12:31:00 db_populator.go:82: User Created : 
2018/02/05 12:31:01 db_populator.go:82: User Created : 
2018/02/05 12:31:03 db_populator.go:82: User Created : 
2018/02/05 12:31:04 db_populator.go:82: User Created : 
2018/02/05 12:31:06 db_populator.go:82: User Created : 
2018/02/05 12:31:08 db_populator.go:82: User Created : 
2018/02/05 12:31:10 db_populator.go:82: User Created : 
2018/02/05 12:31:11 db_populator.go:82: User Created : 
2018/02/05 12:31:13 db_populator.go:82: User Created : 
2018/02/05 12:31:14 db_populator.go:82: User Created : 
2018/02/05 12:31:16 db_populator.go:82: User Created : 
2018/02/05 12:31:18 db_populator.go:82: User Created : 
2018/02/05 12:31:19 db_populator.go:82: User Created : 
2018/02/05 12:31:21 db_populator.go:82: User Created : 
2018/02/05 12:31:22 db_populator.go:82: User Created : 
2018/02/05 12:31:24 db_populator.go:82: User Created : 
2018/02/05 12:31:25 db_populator.go:82: User Created : 
2018/02/05 12:31:27 db_populator.go:82: User Created : 
2018/02/05 12:31:29 db_populator.go:82: User Created : 
2018/02/05 12:31:30 db_populator.go:82: User Created : 
2018/02/05 12:31:32 db_populator.go:82: User Created : 
2018/02/05 12:31:34 db_populator.go:82: User Created : 
2018/02/05 12:31:35 db_populator.go:82: User Created : 
2018/02/05 12:31:37 db_populator.go:82: User Created : 
2018/02/05 12:31:38 db_populator.go:82: User Created : 
2018/02/05 12:31:40 db_populator.go:82: User Created : 
2018/02/05 12:31:42 db_populator.go:82: User Created : 
2018/02/05 12:31:43 db_populator.go:82: User Created : 
2018/02/05 12:31:45 db_populator.go:82: User Created : 
2018/02/05 12:31:47 db_populator.go:82: User Created : 
2018/02/05 12:31:48 db_populator.go:82: User Created : 
2018/02/05 12:31:50 db_populator.go:82: User Created : 
2018/02/05 12:31:51 db_populator.go:82: User Created : 
2018/02/05 12:31:53 db_populator.go:82: User Created : 
2018/02/05 12:31:54 db_populator.go:82: User Created : 
2018/02/05 12:31:56 db_populator.go:82: User Created : 
2018/02/05 12:31:58 db_populator.go:82: User Created : 
2018/02/05 12:31:59 db_populator.go:82: User Created : 
2018/02/05 12:32:01 db_populator.go:82: User Created : 
2018/02/05 12:32:02 db_populator.go:82: User Created : 
2018/02/05 12:32:04 db_populator.go:82: User Created : 
2018/02/05 12:32:06 db_populator.go:82: User Created : 
2018/02/05 12:32:07 db_populator.go:82: User Created : 
2018/02/05 12:32:09 db_populator.go:82: User Created : 
2018/02/05 12:32:10 db_populator.go:82: User Created : 
2018/02/05 12:32:12 db_populator.go:82: User Created : 
2018/02/05 12:32:14 db_populator.go:82: User Created : 
2018/02/05 12:32:15 db_populator.go:82: User Created : 
2018/02/05 12:32:17 db_populator.go:82: User Created : 
2018/02/05 12:32:19 db_populator.go:82: User Created : 
2018/02/05 12:32:20 db_populator.go:82: User Created : 
2018/02/05 12:32:22 db_populator.go:82: User Created : 
2018/02/05 12:32:23 db_populator.go:82: User Created : 
2018/02/05 12:32:25 db_populator.go:82: User Created : 
2018/02/05 12:32:26 db_populator.go:82: User Created : 
2018/02/05 12:32:28 db_populator.go:82: User Created : 
2018/02/05 12:32:30 db_populator.go:82: User Created : 
2018/02/05 12:32:31 db_populator.go:82: User Created : 
2018/02/05 12:32:33 db_populator.go:82: User Created : 
2018/02/05 12:32:34 db_populator.go:82: User Created : 
2018/02/05 12:32:36 db_populator.go:82: User Created : 
2018/02/05 12:32:38 db_populator.go:82: User Created : 
2018/02/05 12:32:39 db_populator.go:82: User Created : 
2018/02/05 12:32:41 db_populator.go:82: User Created : 
2018/02/05 12:32:42 db_populator.go:82: User Created : 
2018/02/05 12:32:44 db_populator.go:82: User Created : 
2018/02/05 12:32:46 db_populator.go:82: User Created : 
2018/02/05 12:32:47 db_populator.go:82: User Created : 
2018/02/05 12:32:49 db_populator.go:82: User Created : 
2018/02/05 12:32:50 db_populator.go:82: User Created : 
2018/02/05 12:32:52 db_populator.go:82: User Created : 
2018/02/05 12:32:54 db_populator.go:82: User Created : 
2018/02/05 12:32:55 db_populator.go:82: User Created : 
2018/02/05 12:32:57 db_populator.go:82: User Created : 
2018/02/05 12:32:59 db_populator.go:82: User Created : 
2018/02/05 12:33:00 db_populator.go:82: User Created : 
2018/02/05 12:33:02 db_populator.go:82: User Created : 
2018/02/05 12:33:03 db_populator.go:82: User Created : 
2018/02/05 12:33:05 db_populator.go:82: User Created : 
2018/02/05 12:33:07 db_populator.go:82: User Created : 
2018/02/05 12:33:08 db_populator.go:82: User Created : 
2018/02/05 12:33:10 db_populator.go:82: User Created : 
2018/02/05 12:33:11 db_populator.go:82: User Created : 
2018/02/05 12:33:13 db_populator.go:82: User Created : 
2018/02/05 12:33:15 db_populator.go:82: User Created : 
2018/02/05 12:33:16 db_populator.go:82: User Created : 
2018/02/05 12:33:18 db_populator.go:82: User Created : 
2018/02/05 12:33:19 db_populator.go:82: User Created : 
2018/02/05 12:33:21 db_populator.go:82: User Created : 
2018/02/05 12:33:23 db_populator.go:82: User Created : 
2018/02/05 12:33:24 db_populator.go:82: User Created : 
2018/02/05 12:33:26 db_populator.go:82: User Created : 
2018/02/05 12:33:27 db_populator.go:82: User Created : 
2018/02/05 12:33:29 db_populator.go:82: User Created : 
2018/02/05 12:33:31 db_populator.go:82: User Created : 
2018/02/05 12:33:32 db_populator.go:82: User Created : 
2018/02/05 12:33:34 db_populator.go:82: User Created : 
2018/02/05 12:33:35 db_populator.go:82: User Created : 
2018/02/05 12:33:37 db_populator.go:82: User Created : 
2018/02/05 12:33:39 db_populator.go:82: User Created : 
2018/02/05 12:33:40 db_populator.go:82: User Created : 
2018/02/05 12:33:42 db_populator.go:82: User Created : 
2018/02/05 12:33:44 db_populator.go:82: User Created : 
2018/02/05 12:33:45 db_populator.go:82: User Created : 
2018/02/05 12:33:47 db_populator.go:82: User Created : 
2018/02/05 12:33:49 db_populator.go:82: User Created : 
2018/02/05 12:33:50 db_populator.go:82: User Created : 
2018/02/05 12:33:52 db_populator.go:82: User Created : 
2018/02/05 12:33:53 db_populator.go:82: User Created : 
2018/02/05 12:33:55 db_populator.go:82: User Created : 
2018/02/05 12:33:57 db_populator.go:82: User Created : 
2018/02/05 12:33:58 db_populator.go:82: User Created : 
2018/02/05 12:34:00 db_populator.go:82: User Created : 
2018/02/05 12:34:02 db_populator.go:82: User Created : 
2018/02/05 12:34:03 db_populator.go:82: User Created : 
2018/02/05 12:34:05 db_populator.go:82: User Created : 
2018/02/05 12:34:06 db_populator.go:82: User Created : 
2018/02/05 12:34:08 db_populator.go:82: User Created : 
2018/02/05 12:34:09 db_populator.go:82: User Created : 
2018/02/05 12:34:11 db_populator.go:82: User Created : 
2018/02/05 12:34:13 db_populator.go:82: User Created : 
2018/02/05 12:34:14 db_populator.go:82: User Created : 
2018/02/05 12:34:16 db_populator.go:82: User Created : 
2018/02/05 12:34:17 db_populator.go:82: User Created : 
2018/02/05 12:34:19 db_populator.go:82: User Created : 
2018/02/05 12:34:21 db_populator.go:82: User Created : 
2018/02/05 12:34:22 db_populator.go:82: User Created : 
2018/02/05 12:34:24 db_populator.go:82: User Created : 
2018/02/05 12:34:25 db_populator.go:82: User Created : 
2018/02/05 12:34:27 db_populator.go:82: User Created : 
2018/02/05 12:34:29 db_populator.go:82: User Created : 
2018/02/05 12:34:30 db_populator.go:82: User Created : 
2018/02/05 12:34:32 db_populator.go:82: User Created : 
2018/02/05 12:34:34 db_populator.go:82: User Created : 
2018/02/05 12:34:35 db_populator.go:82: User Created : 
2018/02/05 12:34:37 db_populator.go:82: User Created : 
2018/02/05 12:34:38 db_populator.go:82: User Created : 
2018/02/05 12:34:40 db_populator.go:82: User Created : 
2018/02/05 12:34:41 db_populator.go:82: User Created : 
2018/02/05 12:34:43 db_populator.go:82: User Created : 
2018/02/05 12:34:45 db_populator.go:82: User Created : 
2018/02/05 12:34:46 db_populator.go:82: User Created : 
2018/02/05 12:34:48 db_populator.go:82: User Created : 
2018/02/05 12:34:49 db_populator.go:82: User Created : 
2018/02/05 12:34:51 db_populator.go:82: User Created : 
2018/02/05 12:34:53 db_populator.go:82: User Created : 
2018/02/05 12:34:54 db_populator.go:82: User Created : 
2018/02/05 12:34:56 db_populator.go:82: User Created : 
2018/02/05 12:34:57 db_populator.go:82: User Created : 
2018/02/05 12:34:59 db_populator.go:82: User Created : 
2018/02/05 12:35:01 db_populator.go:82: User Created : 
2018/02/05 12:35:02 db_populator.go:82: User Created : 
2018/02/05 12:35:04 db_populator.go:82: User Created : 
2018/02/05 12:35:05 db_populator.go:82: User Created : 
2018/02/05 12:35:07 db_populator.go:82: User Created : 
2018/02/05 12:35:09 db_populator.go:82: User Created : 
2018/02/05 12:35:10 db_populator.go:82: User Created : 
2018/02/05 12:35:12 db_populator.go:82: User Created : 
2018/02/05 12:35:14 db_populator.go:82: User Created : 
2018/02/05 12:35:15 db_populator.go:82: User Created : 
